  Overlay.cpp
C:\dev\Overlay\opengl-overlay\Overlay\src\include\Overlay\Overlay.cpp(109,18): warning C4244: 'argument': conversion from 'int' to 'GLfloat', possible loss of data
C:\dev\Overlay\opengl-overlay\Overlay\src\include\Overlay\Overlay.cpp(109,13): warning C4244: 'argument': conversion from 'int' to 'GLfloat', possible loss of data
C:\dev\Overlay\opengl-overlay\Overlay\src\include\Overlay\Overlay.cpp(111,26): warning C4244: 'argument': conversion from 'int' to 'GLfloat', possible loss of data
C:\dev\Overlay\opengl-overlay\Overlay\src\include\Overlay\Overlay.cpp(111,15): warning C4244: 'argument': conversion from 'int' to 'GLfloat', possible loss of data
C:\dev\Overlay\opengl-overlay\Overlay\src\include\Overlay\Overlay.cpp(113,24): warning C4244: 'argument': conversion from 'int' to 'GLfloat', possible loss of data
C:\dev\Overlay\opengl-overlay\Overlay\src\include\Overlay\Overlay.cpp(113,15): warning C4244: 'argument': conversion from 'int' to 'GLfloat', possible loss of data
C:\dev\Overlay\opengl-overlay\Overlay\src\include\Overlay\Overlay.cpp(115,16): warning C4244: 'argument': conversion from 'int' to 'GLfloat', possible loss of data
C:\dev\Overlay\opengl-overlay\Overlay\src\include\Overlay\Overlay.cpp(115,13): warning C4244: 'argument': conversion from 'int' to 'GLfloat', possible loss of data
C:\dev\Overlay\opengl-overlay\Overlay\src\include\Overlay\Overlay.cpp(124,18): warning C4244: 'argument': conversion from 'int' to 'GLfloat', possible loss of data
C:\dev\Overlay\opengl-overlay\Overlay\src\include\Overlay\Overlay.cpp(124,13): warning C4244: 'argument': conversion from 'int' to 'GLfloat', possible loss of data
C:\dev\Overlay\opengl-overlay\Overlay\src\include\Overlay\Overlay.cpp(126,26): warning C4244: 'argument': conversion from 'int' to 'GLfloat', possible loss of data
C:\dev\Overlay\opengl-overlay\Overlay\src\include\Overlay\Overlay.cpp(126,15): warning C4244: 'argument': conversion from 'int' to 'GLfloat', possible loss of data
C:\dev\Overlay\opengl-overlay\Overlay\src\include\Overlay\Overlay.cpp(128,24): warning C4244: 'argument': conversion from 'int' to 'GLfloat', possible loss of data
C:\dev\Overlay\opengl-overlay\Overlay\src\include\Overlay\Overlay.cpp(128,15): warning C4244: 'argument': conversion from 'int' to 'GLfloat', possible loss of data
C:\dev\Overlay\opengl-overlay\Overlay\src\include\Overlay\Overlay.cpp(130,16): warning C4244: 'argument': conversion from 'int' to 'GLfloat', possible loss of data
C:\dev\Overlay\opengl-overlay\Overlay\src\include\Overlay\Overlay.cpp(130,13): warning C4244: 'argument': conversion from 'int' to 'GLfloat', possible loss of data
C:\dev\Overlay\opengl-overlay\Overlay\src\include\Overlay\Overlay.cpp(140,16): warning C4244: 'argument': conversion from 'int' to 'GLfloat', possible loss of data
C:\dev\Overlay\opengl-overlay\Overlay\src\include\Overlay\Overlay.cpp(140,13): warning C4244: 'argument': conversion from 'int' to 'GLfloat', possible loss of data
  main.cpp
C:\Program Files (x86)\Windows Kits\10\Include\10.0.19041.0\shared\minwindef.h(130,1): warning C4005: 'APIENTRY': macro redefinition
C:\dev\Overlay\opengl-overlay\Overlay\src\include\glfw\include\glfw3.h(123): message : see previous definition of 'APIENTRY'
  Generating Code...
LINK : warning LNK4098: defaultlib 'MSVCRT' conflicts with use of other libs; use /NODEFAULTLIB:library
  Overlay.vcxproj -> C:\dev\Overlay\opengl-overlay\x64\Debug\Overlay.exe
